<?xml version="1.0" encoding="UTF-8"?>
<testsuite xmlns:xsi="http://www.w3.org/2001/XMLSchema-instance" xsi:noNamespaceSchemaLocation="https://maven.apache.org/surefire/maven-surefire-plugin/xsd/surefire-test-report-3.0.xsd" version="3.0" name="com.example.auth.service.AuthServiceImplTest" time="0.119" tests="3" errors="0" skipped="0" failures="0">
  <properties>
[...]
</properties>
  <testcase name="verifyEmail_Success" classname="com.example.auth.service.AuthServiceImplTest" time="0.109">
    <system-out><![CDATA[2026-06-05 15:15:47.256  INFO 73 --- [           main] c.example.auth.service.AuthServiceImpl   : [traceId=, spanId=] Email verified successfully for user: test@example.com
]]></system-out>
  </testcase>
  <testcase name="registerLocalUser_Success" classname="com.example.auth.service.AuthServiceImplTest" time="0.004">
    <system-out><![CDATA[2026-06-05 15:15:47.262  INFO 73 --- [           main] c.example.auth.service.AuthServiceImpl   : [traceId=, spanId=] Registered new local user: test@example.com
]]></system-out>
  </testcase>
  <testcase name="registerLocalUser_ThrowsExceptionWhenEmailExists" classname="com.example.auth.service.AuthServiceImplTest" time="0.004"/>
</testsuite>