<?xml version="1.0" encoding="UTF-8"?>
<testsuite xmlns:xsi="http://www.w3.org/2001/XMLSchema-instance" xsi:noNamespaceSchemaLocation="https://maven.apache.org/surefire/maven-surefire-plugin/xsd/surefire-test-report-3.0.xsd" version="3.0" name="com.example.auth.controller.AuthIntegrationTest" time="39.064" tests="2" errors="0" skipped="0" failures="0">
  <properties>
[...]
</properties>
  <testcase name="testLocalSignupFlow_ValidationFailure" classname="com.example.auth.controller.AuthIntegrationTest" time="1.532">
    <system-out><![CDATA[11:16:15.053 [main] INFO org.springframework.boot.devtools.restart.RestartApplicationListener -- Restart disabled due to context in which it is running
  .   ____          _            __ _ _
 /\\ / ___'_ __ _ _(_)_ __  __ _ \ \ \ \
( ( )\___ | '_ | '_| | '_ \/ _` | \ \ \ \
 \\/  ___)| |_)| | | | | || (_| |  ) ) ) )
  '  |____| .__|_| |_|_| |_\__, | / / / /
 =========|_|==============|___/=/_/_/_/

 :: Spring Boot ::                (v3.3.0)

2026-05-24 11:16:18.932  INFO 15623 --- [           main] c.e.auth.controller.AuthIntegrationTest  : [traceId=, spanId=] Starting AuthIntegrationTest using Java 25.0.2 with PID 15623 (started by user in /home/user/Documents/vscode_workspace/expense-tracker-auth)
2026-05-24 11:16:18.937  INFO 15623 --- [           main] c.e.auth.controller.AuthIntegrationTest  : [traceId=, spanId=] The following 1 profile is active: "dev"
2026-05-24 11:16:27.820  INFO 15623 --- [           main] .s.d.r.c.RepositoryConfigurationDelegate : [traceId=, spanId=] Bootstrapping Spring Data JPA repositories in DEFAULT mode.
2026-05-24 11:16:28.092  INFO 15623 --- [           main] .s.d.r.c.RepositoryConfigurationDelegate : [traceId=, spanId=] Finished Spring Data repository scanning in 230 ms. Found 2 JPA repository interfaces.
2026-05-24 11:16:30.087  INFO 15623 --- [           main] o.hibernate.jpa.internal.util.LogHelper  : [traceId=, spanId=] HHH000204: Processing PersistenceUnitInfo [name: default]
2026-05-24 11:16:30.221  INFO 15623 --- [           main] org.hibernate.Version                    : [traceId=, spanId=] HHH000412: Hibernate ORM core version 6.5.2.Final
2026-05-24 11:16:30.296  INFO 15623 --- [           main] o.h.c.internal.RegionFactoryInitiator    : [traceId=, spanId=] HHH000026: Second-level cache disabled
2026-05-24 11:16:30.702  INFO 15623 --- [           main] o.s.o.j.p.SpringPersistenceUnitInfo      : [traceId=, spanId=] No LoadTimeWeaver setup: ignoring JPA class transformer
2026-05-24 11:16:30.769  INFO 15623 --- [           main] com.zaxxer.hikari.HikariDataSource       : [traceId=, spanId=] HikariPool-1 - Starting...
2026-05-24 11:16:31.184  INFO 15623 --- [           main] com.zaxxer.hikari.pool.HikariPool        : [traceId=, spanId=] HikariPool-1 - Added connection conn0: url=jdbc:h2:mem:authdb user=SA
2026-05-24 11:16:31.187  INFO 15623 --- [           main] com.zaxxer.hikari.HikariDataSource       : [traceId=, spanId=] HikariPool-1 - Start completed.
2026-05-24 11:16:31.246  WARN 15623 --- [           main] org.hibernate.orm.deprecation            : [traceId=, spanId=] HHH90000025: H2Dialect does not need to be specified explicitly using 'hibernate.dialect' (remove the property setting and it will be selected by default)
2026-05-24 11:16:33.608  INFO 15623 --- [           main] o.h.e.t.j.p.i.JtaPlatformInitiator       : [traceId=, spanId=] HHH000489: No JTA platform available (set 'hibernate.transaction.jta.platform' to enable JTA platform integration)
Hibernate: 
    drop table if exists app_users cascade 
Hibernate: 
    drop table if exists roles cascade 
Hibernate: 
    drop table if exists user_roles cascade 
Hibernate: 
    create table app_users (
        email_verified boolean not null,
        enabled boolean not null,
        created_at timestamp(6) not null,
        id bigint generated by default as identity,
        updated_at timestamp(6) not null,
        display_name varchar(255),
        email varchar(255) not null unique,
        password_hash varchar(255),
        provider_id varchar(255),
        verification_token varchar(255),
        auth_provider enum ('FACEBOOK','GITHUB','GOOGLE','LOCAL') not null,
        primary key (id)
    )
Hibernate: 
    create table roles (
        id bigint generated by default as identity,
        name varchar(50) not null unique,
        primary key (id)
    )
Hibernate: 
    create table user_roles (
        role_id bigint not null,
        user_id bigint not null,
        primary key (role_id, user_id)
    )
Hibernate: 
    alter table if exists user_roles 
       add constraint FKh8ciramu9cc9q3qcqiv4ue8a6 
       foreign key (role_id) 
       references roles
Hibernate: 
    alter table if exists user_roles 
       add constraint FKaf154i5th4vvgbahf8b8pa688 
       foreign key (user_id) 
       references app_users
2026-05-24 11:16:33.739  INFO 15623 --- [           main] j.LocalContainerEntityManagerFactoryBean : [traceId=, spanId=] Initialized JPA EntityManagerFactory for persistence unit 'default'
2026-05-24 11:16:35.970  WARN 15623 --- [           main] JpaBaseConfiguration$JpaWebConfiguration : [traceId=, spanId=] spring.jpa.open-in-view is enabled by default. Therefore, database queries may be performed during view rendering. Explicitly configure spring.jpa.open-in-view to disable this warning
2026-05-24 11:16:36.301  INFO 15623 --- [           main] r$InitializeUserDetailsManagerConfigurer : [traceId=, spanId=] Global AuthenticationManager configured with UserDetailsService bean with name userDetailsService
2026-05-24 11:16:42.996  INFO 15623 --- [           main] o.s.s.web.DefaultSecurityFilterChain     : [traceId=, spanId=] Will secure org.springframework.security.oauth2.server.authorization.config.annotation.web.configurers.OAuth2AuthorizationServerConfigurer$$Lambda/0x000000000eaf32b0@2f42f20f with [org.springframework.security.web.session.DisableEncodeUrlFilter@7ee46aaf, org.springframework.security.web.context.request.async.WebAsyncManagerIntegrationFilter@1e072d67, org.springframework.security.web.context.SecurityContextHolderFilter@7d60a62f, org.springframework.security.oauth2.server.authorization.config.annotation.web.configurers.AuthorizationServerContextFilter@62a30701, org.springframework.security.web.header.HeaderWriterFilter@aecfc07, org.springframework.web.filter.CorsFilter@257ba195, org.springframework.security.web.csrf.CsrfFilter@3569f0f1, org.springframework.security.oauth2.server.authorization.oidc.web.OidcLogoutEndpointFilter@6dd729, org.springframework.security.web.authentication.logout.LogoutFilter@243c4ffe, org.springframework.security.oauth2.server.authorization.web.OAuth2AuthorizationServerMetadataEndpointFilter@41d0b71d, org.springframework.security.oauth2.server.authorization.web.OAuth2AuthorizationEndpointFilter@2b284acc, org.springframework.security.oauth2.server.authorization.web.OAuth2DeviceVerificationEndpointFilter@24c8b86, org.springframework.security.oauth2.server.authorization.oidc.web.OidcProviderConfigurationEndpointFilter@4d8e6daa, org.springframework.security.oauth2.server.authorization.web.NimbusJwkSetEndpointFilter@2471cfa0, org.springframework.security.oauth2.server.authorization.web.OAuth2ClientAuthenticationFilter@5f8a0d7f, org.springframework.security.oauth2.server.resource.web.authentication.BearerTokenAuthenticationFilter@2174fda1, org.springframework.security.web.savedrequest.RequestCacheAwareFilter@418f5f63, org.springframework.security.web.servletapi.SecurityContextHolderAwareRequestFilter@7152ee36, org.springframework.security.web.authentication.AnonymousAuthenticationFilter@5b4433dc, org.springframework.security.web.access.ExceptionTranslationFilter@4cc5c43b, org.springframework.security.web.access.intercept.AuthorizationFilter@4c2cc99f, org.springframework.security.oauth2.server.authorization.web.OAuth2TokenEndpointFilter@264e0b8e, org.springframework.security.oauth2.server.authorization.web.OAuth2TokenIntrospectionEndpointFilter@57064d38, org.springframework.security.oauth2.server.authorization.web.OAuth2TokenRevocationEndpointFilter@9da8b97, org.springframework.security.oauth2.server.authorization.web.OAuth2DeviceAuthorizationEndpointFilter@1070308e, org.springframework.security.oauth2.server.authorization.oidc.web.OidcUserInfoEndpointFilter@b6c290a, org.springframework.security.oauth2.server.authorization.oidc.web.OidcClientRegistrationEndpointFilter@2295535f]
2026-05-24 11:16:43.176  INFO 15623 --- [           main] o.s.b.a.w.s.WelcomePageHandlerMapping    : [traceId=, spanId=] Adding welcome page template: index
2026-05-24 11:16:44.652  INFO 15623 --- [           main] o.s.b.a.e.web.EndpointLinksResolver      : [traceId=, spanId=] Exposing 3 endpoints beneath base path '/actuator'
2026-05-24 11:16:44.981  INFO 15623 --- [           main] o.s.s.web.DefaultSecurityFilterChain     : [traceId=, spanId=] Will secure any request with [org.springframework.security.web.session.DisableEncodeUrlFilter@61c0a61, org.springframework.security.web.context.request.async.WebAsyncManagerIntegrationFilter@66121af9, org.springframework.security.web.context.SecurityContextHolderFilter@11581810, org.springframework.security.web.header.HeaderWriterFilter@7a845f91, org.springframework.web.filter.CorsFilter@257ba195, org.springframework.security.web.csrf.CsrfFilter@4b98900b, org.springframework.security.web.authentication.logout.LogoutFilter@ce4a8a2, org.springframework.security.oauth2.client.web.OAuth2AuthorizationRequestRedirectFilter@7065ae93, org.springframework.security.oauth2.client.web.OAuth2LoginAuthenticationFilter@3adb46b5, org.springframework.security.web.authentication.UsernamePasswordAuthenticationFilter@6573b345, org.springframework.security.web.savedrequest.RequestCacheAwareFilter@bafb3bd, org.springframework.security.web.servletapi.SecurityContextHolderAwareRequestFilter@41576e84, org.springframework.security.web.authentication.AnonymousAuthenticationFilter@62a153d3, org.springframework.security.web.access.ExceptionTranslationFilter@5775485, org.springframework.security.web.access.intercept.AuthorizationFilter@8862881]
2026-05-24 11:16:47.237  INFO 15623 --- [           main] o.s.b.a.h2.H2ConsoleAutoConfiguration    : [traceId=, spanId=] H2 console available at '/h2-console'. Database available at 'jdbc:h2:mem:authdb'
2026-05-24 11:16:47.634  INFO 15623 --- [           main] o.s.b.t.m.w.SpringBootMockServletContext : [traceId=, spanId=] Initializing Spring TestDispatcherServlet ''
2026-05-24 11:16:47.635  INFO 15623 --- [           main] o.s.t.web.servlet.TestDispatcherServlet  : [traceId=, spanId=] Initializing Servlet ''
2026-05-24 11:16:47.642  INFO 15623 --- [           main] o.s.t.web.servlet.TestDispatcherServlet  : [traceId=, spanId=] Completed initialization in 7 ms
2026-05-24 11:16:48.089  INFO 15623 --- [           main] c.e.auth.controller.AuthIntegrationTest  : [traceId=, spanId=] Started AuthIntegrationTest in 33.124 seconds (process running for 43.706)
Hibernate: 
    select
        au1_0.id,
        au1_0.auth_provider,
        au1_0.created_at,
        au1_0.display_name,
        au1_0.email,
        au1_0.email_verified,
        au1_0.enabled,
        au1_0.password_hash,
        au1_0.provider_id,
        au1_0.updated_at,
        au1_0.verification_token 
    from
        app_users au1_0
]]></system-out>
  </testcase>
  <testcase name="testLocalSignupFlow_Success" classname="com.example.auth.controller.AuthIntegrationTest" time="0.797">
    <system-out><![CDATA[Hibernate: 
    select
        au1_0.id,
        au1_0.auth_provider,
        au1_0.created_at,
        au1_0.display_name,
        au1_0.email,
        au1_0.email_verified,
        au1_0.enabled,
        au1_0.password_hash,
        au1_0.provider_id,
        au1_0.updated_at,
        au1_0.verification_token 
    from
        app_users au1_0
2026-05-24 11:16:50.338  INFO 15623 --- [           main] c.e.auth.controller.AuthController       : [traceId=3107d7f2ec061c077793c0e7cffe16b9, spanId=f698dc2c063c19f5] Received REST local signup request for: integration@example.com
Hibernate: 
    select
        au1_0.id 
    from
        app_users au1_0 
    where
        au1_0.email=? 
    fetch
        first ? rows only
Hibernate: 
    select
        r1_0.id,
        r1_0.name 
    from
        roles r1_0 
    where
        r1_0.name=?
2026-05-24 11:16:50.490  WARN 15623 --- [           main] c.example.auth.service.AuthServiceImpl   : [traceId=3107d7f2ec061c077793c0e7cffe16b9, spanId=f698dc2c063c19f5] USER role not found in database, creating locally.
Hibernate: 
    insert 
    into
        roles
        (name, id) 
    values
        (?, default)
Hibernate: 
    insert 
    into
        app_users
        (auth_provider, created_at, display_name, email, email_verified, enabled, password_hash, provider_id, updated_at, verification_token, id) 
    values
        (?, ?, ?, ?, ?, ?, ?, ?, ?, ?, default)
2026-05-24 11:16:50.860  INFO 15623 --- [           main] c.example.auth.service.AuthServiceImpl   : [traceId=3107d7f2ec061c077793c0e7cffe16b9, spanId=f698dc2c063c19f5] Registered new local user: integration@example.com
2026-05-24 11:16:50.861  INFO 15623 --- [           main] com.example.auth.service.EmailService    : [traceId=3107d7f2ec061c077793c0e7cffe16b9, spanId=f698dc2c063c19f5] ----------------------------------------------------------------
2026-05-24 11:16:50.862  INFO 15623 --- [           main] com.example.auth.service.EmailService    : [traceId=3107d7f2ec061c077793c0e7cffe16b9, spanId=f698dc2c063c19f5] REGISTRATION VERIFICATION EMAIL FOR: integration@example.com
2026-05-24 11:16:50.862  INFO 15623 --- [           main] com.example.auth.service.EmailService    : [traceId=3107d7f2ec061c077793c0e7cffe16b9, spanId=f698dc2c063c19f5] Click the link to verify your email and activate your account:
2026-05-24 11:16:50.863  INFO 15623 --- [           main] com.example.auth.service.EmailService    : [traceId=3107d7f2ec061c077793c0e7cffe16b9, spanId=f698dc2c063c19f5] URL: http://localhost:9000/verify-email?token=204c69fd-fcbb-45ef-aee2-7b251b92718e
2026-05-24 11:16:50.863  INFO 15623 --- [           main] com.example.auth.service.EmailService    : [traceId=3107d7f2ec061c077793c0e7cffe16b9, spanId=f698dc2c063c19f5] ----------------------------------------------------------------
Hibernate: 
    select
        au1_0.id 
    from
        app_users au1_0 
    where
        au1_0.email=? 
    fetch
        first ? rows only
]]></system-out>
  </testcase>
</testsuite>